#
# There is insufficient memory for the Java Runtime Environment to continue.
# Native memory allocation (malloc) failed to allocate 563376 bytes for Chunk::new
# Possible reasons:
#   The system is out of physical RAM or swap space
#   In 32 bit mode, the process size limit was hit
# Possible solutions:
#   Reduce memory load on the system
#   Increase physical memory or swap space
#   Check if swap backing store is full
#   Use 64 bit Java on a 64 bit OS
#   Decrease Java heap size (-Xmx/-Xms)
#   Decrease number of Java threads
#   Decrease Java thread stack sizes (-Xss)
#   Set larger code cache with -XX:ReservedCodeCacheSize=
# This output file may be truncated or incomplete.
#
#  Out of Memory Error (allocation.cpp:390), pid=1028, tid=6804
#
# JRE version: Java(TM) SE Runtime Environment (8.0_40-b26) (build 1.8.0_40-b26)
# Java VM: Java HotSpot(TM) 64-Bit Server VM (25.40-b25 mixed mode windows-amd64 compressed oops)
# Failed to write core dump. Minidumps are not enabled by default on client versions of Windows
#

---------------  T H R E A D  ---------------

Current thread (0x000000005516e800):  JavaThread "C2 CompilerThread0" daemon [_thread_in_native, id=6804, stack(0x0000000056a30000,0x0000000056b30000)]

Stack: [0x0000000056a30000,0x0000000056b30000]
Native frames: (J=compiled Java code, j=interpreted, Vv=VM code, C=native code)
V  [jvm.dll+0x32b47a]
V  [jvm.dll+0x2797f3]
V  [jvm.dll+0x27a489]
V  [jvm.dll+0x2717a5]
V  [jvm.dll+0xcb9a2]
V  [jvm.dll+0xcbe6c]
V  [jvm.dll+0x49294c]
V  [jvm.dll+0x45f49a]
V  [jvm.dll+0x46a73b]
V  [jvm.dll+0x46cd52]
V  [jvm.dll+0x4500d2]
V  [jvm.dll+0xa4312]
V  [jvm.dll+0xa4c4f]
V  [jvm.dll+0x241914]
V  [jvm.dll+0x29848a]
C  [msvcr100.dll+0x21d9f]
C  [msvcr100.dll+0x21e3b]
C  [kernel32.dll+0x159ed]
C  [ntdll.dll+0x2b831]


Current CompileTask:
C2:  20329 1829   !   4       com.android.dx.cf.code.Ropper::processBlock (1101 bytes)


---------------  P R O C E S S  ---------------

Java Threads: ( => current thread )
  0x000000000233f800 JavaThread "DestroyJavaVM" [_thread_blocked, id=6940, stack(0x0000000002590000,0x0000000002690000)]
  0x0000000056584800 JavaThread "Service Thread" daemon [_thread_blocked, id=3576, stack(0x0000000056f20000,0x0000000057020000)]
  0x0000000056523000 JavaThread "C1 CompilerThread2" daemon [_thread_blocked, id=7048, stack(0x0000000056e00000,0x0000000056f00000)]
  0x000000005650d000 JavaThread "C2 CompilerThread1" daemon [_thread_blocked, id=3096, stack(0x0000000056130000,0x0000000056230000)]
=>0x000000005516e800 JavaThread "C2 CompilerThread0" daemon [_thread_in_native, id=6804, stack(0x0000000056a30000,0x0000000056b30000)]
  0x00000000564fb000 JavaThread "Attach Listener" daemon [_thread_blocked, id=6000, stack(0x0000000056b30000,0x0000000056c30000)]
  0x00000000564fa800 JavaThread "Signal Dispatcher" daemon [_thread_blocked, id=8140, stack(0x0000000056910000,0x0000000056a10000)]
  0x0000000055101800 JavaThread "Finalizer" daemon [_thread_blocked, id=3224, stack(0x00000000563f0000,0x00000000564f0000)]
  0x0000000055100800 JavaThread "Reference Handler" daemon [_thread_blocked, id=7496, stack(0x0000000056280000,0x0000000056380000)]

Other Threads:
  0x00000000550fb000 VMThread [stack: 0x0000000055fe0000,0x00000000560e0000] [id=6072]
  0x0000000056547800 WatcherThread [stack: 0x0000000057070000,0x0000000057170000] [id=8040]

VM state:not at safepoint (normal execution)

VM Mutex/Monitor currently owned by a thread: None

Heap:
 PSYoungGen      total 68608K, used 11005K [0x00000000eab00000, 0x00000000f2d00000, 0x0000000100000000)
  eden space 59904K, 3% used [0x00000000eab00000,0x00000000ead42ba8,0x00000000ee580000)
  from space 8704K, 99% used [0x00000000ef380000,0x00000000efbfcc10,0x00000000efc00000)
  to   space 14336K, 0% used [0x00000000ee580000,0x00000000ee580000,0x00000000ef380000)
 ParOldGen       total 44032K, used 35752K [0x00000000c0000000, 0x00000000c2b00000, 0x00000000eab00000)
  object space 44032K, 81% used [0x00000000c0000000,0x00000000c22ea1c8,0x00000000c2b00000)
 Metaspace       used 6891K, capacity 7672K, committed 7936K, reserved 1056768K
  class space    used 640K, capacity 688K, committed 768K, reserved 1048576K

Card table byte_map: [0x0000000011a50000,0x0000000011c60000] byte_map_base: 0x0000000011450000

Marking Bits: (ParMarkBitMap*) 0x0000000069164040
 Begin Bits: [0x0000000012570000, 0x0000000013570000)
 End Bits:   [0x0000000013570000, 0x0000000014570000)

Polling page: 0x0000000000140000

CodeCache: size=245760Kb used=11293Kb max_used=11293Kb free=234466Kb
 bounds [0x0000000002690000, 0x00000000031b0000, 0x0000000011690000]
 total_blobs=2718 nmethods=2443 adapters=188
 compilation: enabled

Compilation events (10 events):
Event: 19.631 Thread 0x0000000056523000 nmethod 2553 0x0000000003178d50 code [0x0000000003178f00, 0x0000000003179348]
Event: 19.631 Thread 0x0000000056523000 2555       3       com.android.dx.util.ByteArrayAnnotatedOutput::writeUleb128 (34 bytes)
Event: 19.632 Thread 0x0000000056523000 nmethod 2555 0x0000000003179510 code [0x0000000003179680, 0x00000000031798b8]
Event: 19.632 Thread 0x0000000056523000 2556       3       com.android.dex.Leb128::writeUnsignedLeb128 (46 bytes)
Event: 19.632 Thread 0x0000000056523000 nmethod 2556 0x0000000003179990 code [0x0000000003179b20, 0x0000000003179e98]
Event: 19.632 Thread 0x0000000056523000 2557       3       com.android.dx.rop.cst.CstString::getUtf16Size (8 bytes)
Event: 19.632 Thread 0x0000000056523000 nmethod 2557 0x0000000003179fd0 code [0x000000000317a140, 0x000000000317a370]
Event: 19.632 Thread 0x0000000056523000 2558       1       com.android.dx.rop.cst.CstString::getBytes (5 bytes)
Event: 19.632 Thread 0x0000000056523000 nmethod 2558 0x000000000317a450 code [0x000000000317a5a0, 0x000000000317a6b0]
Event: 19.633 Thread 0x0000000056523000 2559       3       com.android.dx.dex.file.StringDataItem::writeTo0 (103 bytes)

GC Heap History (10 events):
Event: 8.896 GC heap before
{Heap before GC invocations=6 (full 0):
 PSYoungGen      total 35328K, used 35303K [0x00000000eab00000, 0x00000000ed000000, 0x0000000100000000)
  eden space 32768K, 100% used [0x00000000eab00000,0x00000000ecb00000,0x00000000ecb00000)
  from space 2560K, 99% used [0x00000000ecb00000,0x00000000ecd79cb8,0x00000000ecd80000)
  to   space 2560K, 0% used [0x00000000ecd80000,0x00000000ecd80000,0x00000000ed000000)
 ParOldGen       total 44032K, used 14101K [0x00000000c0000000, 0x00000000c2b00000, 0x00000000eab00000)
  object space 44032K, 32% used [0x00000000c0000000,0x00000000c0dc56b8,0x00000000c2b00000)
 Metaspace       used 6024K, capacity 7088K, committed 7296K, reserved 1056768K
  class space    used 580K, capacity 616K, committed 640K, reserved 1048576K
Event: 9.348 GC heap after
Heap after GC invocations=6 (full 0):
 PSYoungGen      total 35328K, used 2534K [0x00000000eab00000, 0x00000000ed000000, 0x0000000100000000)
  eden space 32768K, 0% used [0x00000000eab00000,0x00000000eab00000,0x00000000ecb00000)
  from space 2560K, 98% used [0x00000000ecd80000,0x00000000ecff98f8,0x00000000ed000000)
  to   space 2560K, 0% used [0x00000000ecb00000,0x00000000ecb00000,0x00000000ecd80000)
 ParOldGen       total 44032K, used 18965K [0x00000000c0000000, 0x00000000c2b00000, 0x00000000eab00000)
  object space 44032K, 43% used [0x00000000c0000000,0x00000000c1285540,0x00000000c2b00000)
 Metaspace       used 6024K, capacity 7088K, committed 7296K, reserved 1056768K
  class space    used 580K, capacity 616K, committed 640K, reserved 1048576K
}
Event: 10.681 GC heap before
{Heap before GC invocations=7 (full 0):
 PSYoungGen      total 35328K, used 35302K [0x00000000eab00000, 0x00000000ed000000, 0x0000000100000000)
  eden space 32768K, 100% used [0x00000000eab00000,0x00000000ecb00000,0x00000000ecb00000)
  from space 2560K, 98% used [0x00000000ecd80000,0x00000000ecff98f8,0x00000000ed000000)
  to   space 2560K, 0% used [0x00000000ecb00000,0x00000000ecb00000,0x00000000ecd80000)
 ParOldGen       total 44032K, used 18965K [0x00000000c0000000, 0x00000000c2b00000, 0x00000000eab00000)
  object space 44032K, 43% used [0x00000000c0000000,0x00000000c1285540,0x00000000c2b00000)
 Metaspace       used 6033K, capacity 7088K, committed 7296K, reserved 1056768K
  class space    used 580K, capacity 616K, committed 640K, reserved 1048576K
Event: 11.015 GC heap after
Heap after GC invocations=7 (full 0):
 PSYoungGen      total 35328K, used 2550K [0x00000000eab00000, 0x00000000efc00000, 0x0000000100000000)
  eden space 32768K, 0% used [0x00000000eab00000,0x00000000eab00000,0x00000000ecb00000)
  from space 2560K, 99% used [0x00000000ecb00000,0x00000000ecd7d9a8,0x00000000ecd80000)
  to   space 8704K, 0% used [0x00000000ef380000,0x00000000ef380000,0x00000000efc00000)
 ParOldGen       total 44032K, used 24005K [0x00000000c0000000, 0x00000000c2b00000, 0x00000000eab00000)
  object space 44032K, 54% used [0x00000000c0000000,0x00000000c1771440,0x00000000c2b00000)
 Metaspace       used 6033K, capacity 7088K, committed 7296K, reserved 1056768K
  class space    used 580K, capacity 616K, committed 640K, reserved 1048576K
}
Event: 12.635 GC heap before
{Heap before GC invocations=8 (full 0):
 PSYoungGen      total 35328K, used 35318K [0x00000000eab00000, 0x00000000efc00000, 0x0000000100000000)
  eden space 32768K, 100% used [0x00000000eab00000,0x00000000ecb00000,0x00000000ecb00000)
  from space 2560K, 99% used [0x00000000ecb00000,0x00000000ecd7d9a8,0x00000000ecd80000)
  to   space 8704K, 0% used [0x00000000ef380000,0x00000000ef380000,0x00000000efc00000)
 ParOldGen       total 44032K, used 24005K [0x00000000c0000000, 0x00000000c2b00000, 0x00000000eab00000)
  object space 44032K, 54% used [0x00000000c0000000,0x00000000c1771440,0x00000000c2b00000)
 Metaspace       used 6039K, capacity 7088K, committed 7296K, reserved 1056768K
  class space    used 580K, capacity 616K, committed 640K, reserved 1048576K
Event: 13.996 GC heap after
Heap after GC invocations=8 (full 0):
 PSYoungGen      total 73728K, used 7278K [0x00000000eab00000, 0x00000000efd00000, 0x0000000100000000)
  eden space 65024K, 0% used [0x00000000eab00000,0x00000000eab00000,0x00000000eea80000)
  from space 8704K, 83% used [0x00000000ef380000,0x00000000efa9b8c8,0x00000000efc00000)
  to   space 9216K, 0% used [0x00000000eea80000,0x00000000eea80000,0x00000000ef380000)
 ParOldGen       total 44032K, used 24669K [0x00000000c0000000, 0x00000000c2b00000, 0x00000000eab00000)
  object space 44032K, 56% used [0x00000000c0000000,0x00000000c1817758,0x00000000c2b00000)
 Metaspace       used 6039K, capacity 7088K, committed 7296K, reserved 1056768K
  class space    used 580K, capacity 616K, committed 640K, reserved 1048576K
}
Event: 14.850 GC heap before
{Heap before GC invocations=9 (full 0):
 PSYoungGen      total 73728K, used 72302K [0x00000000eab00000, 0x00000000efd00000, 0x0000000100000000)
  eden space 65024K, 100% used [0x00000000eab00000,0x00000000eea80000,0x00000000eea80000)
  from space 8704K, 83% used [0x00000000ef380000,0x00000000efa9b8c8,0x00000000efc00000)
  to   space 9216K, 0% used [0x00000000eea80000,0x00000000eea80000,0x00000000ef380000)
 ParOldGen       total 44032K, used 24669K [0x00000000c0000000, 0x00000000c2b00000, 0x00000000eab00000)
  object space 44032K, 56% used [0x00000000c0000000,0x00000000c1817758,0x00000000c2b00000)
 Metaspace       used 6086K, capacity 7152K, committed 7296K, reserved 1056768K
  class space    used 580K, capacity 616K, committed 640K, reserved 1048576K
Event: 15.302 GC heap after
Heap after GC invocations=9 (full 0):
 PSYoungGen      total 74240K, used 9187K [0x00000000eab00000, 0x00000000efd00000, 0x0000000100000000)
  eden space 65024K, 0% used [0x00000000eab00000,0x00000000eab00000,0x00000000eea80000)
  from space 9216K, 99% used [0x00000000eea80000,0x00000000ef378c68,0x00000000ef380000)
  to   space 8704K, 0% used [0x00000000ef380000,0x00000000ef380000,0x00000000efc00000)
 ParOldGen       total 44032K, used 31897K [0x00000000c0000000, 0x00000000c2b00000, 0x00000000eab00000)
  object space 44032K, 72% used [0x00000000c0000000,0x00000000c1f266a8,0x00000000c2b00000)
 Metaspace       used 6086K, capacity 7152K, committed 7296K, reserved 1056768K
  class space    used 580K, capacity 616K, committed 640K, reserved 1048576K
}
Event: 18.641 GC heap before
{Heap before GC invocations=10 (full 0):
 PSYoungGen      total 74240K, used 74073K [0x00000000eab00000, 0x00000000efd00000, 0x0000000100000000)
  eden space 65024K, 99% used [0x00000000eab00000,0x00000000eea5d8a0,0x00000000eea80000)
  from space 9216K, 99% used [0x00000000eea80000,0x00000000ef378c68,0x00000000ef380000)
  to   space 8704K, 0% used [0x00000000ef380000,0x00000000ef380000,0x00000000efc00000)
 ParOldGen       total 44032K, used 31897K [0x00000000c0000000, 0x00000000c2b00000, 0x00000000eab00000)
  object space 44032K, 72% used [0x00000000c0000000,0x00000000c1f266a8,0x00000000c2b00000)
 Metaspace       used 6511K, capacity 7568K, committed 7936K, reserved 1056768K
  class space    used 601K, capacity 648K, committed 768K, reserved 1048576K
Event: 19.429 GC heap after
Heap after GC invocations=10 (full 0):
 PSYoungGen      total 68608K, used 8691K [0x00000000eab00000, 0x00000000f2d00000, 0x0000000100000000)
  eden space 59904K, 0% used [0x00000000eab00000,0x00000000eab00000,0x00000000ee580000)
  from space 8704K, 99% used [0x00000000ef380000,0x00000000efbfcc10,0x00000000efc00000)
  to   space 14336K, 0% used [0x00000000ee580000,0x00000000ee580000,0x00000000ef380000)
 ParOldGen       total 44032K, used 35752K [0x00000000c0000000, 0x00000000c2b00000, 0x00000000eab00000)
  object space 44032K, 81% used [0x00000000c0000000,0x00000000c22ea1c8,0x00000000c2b00000)
 Metaspace       used 6511K, capacity 7568K, committed 7936K, reserved 1056768K
  class space    used 601K, capacity 648K, committed 768K, reserved 1048576K
}

Deoptimization events (10 events):
Event: 16.772 Thread 0x000000000233f800 Uncommon trap: reason=class_check action=maybe_recompile pc=0x0000000002b96a0c method=java.util.Arrays.hashCode([Ljava/lang/Object;)I @ 43
Event: 16.772 Thread 0x000000000233f800 Uncommon trap: reason=class_check action=maybe_recompile pc=0x0000000002b851b4 method=java.util.Arrays.hashCode([Ljava/lang/Object;)I @ 43
Event: 17.529 Thread 0x000000000233f800 Uncommon trap: reason=speculate_class_check action=maybe_recompile pc=0x0000000002a91ad0 method=com.android.dx.util.FixedSizeList.equals(Ljava/lang/Object;)Z @ 25
Event: 17.575 Thread 0x000000000233f800 Uncommon trap: reason=speculate_class_check action=maybe_recompile pc=0x0000000002a91ad0 method=com.android.dx.util.FixedSizeList.equals(Ljava/lang/Object;)Z @ 25
Event: 17.575 Thread 0x000000000233f800 Uncommon trap: reason=speculate_class_check action=maybe_recompile pc=0x0000000002a91ad0 method=com.android.dx.util.FixedSizeList.equals(Ljava/lang/Object;)Z @ 25
Event: 17.575 Thread 0x000000000233f800 Uncommon trap: reason=speculate_class_check action=maybe_recompile pc=0x0000000002a91ad0 method=com.android.dx.util.FixedSizeList.equals(Ljava/lang/Object;)Z @ 25
Event: 18.303 Thread 0x000000000233f800 Uncommon trap: reason=unstable_if action=reinterpret pc=0x0000000002f89ee4 method=java.util.TreeMap.put(Ljava/lang/Object;Ljava/lang/Object;)Ljava/lang/Object; @ 163
Event: 18.529 Thread 0x000000000233f800 Uncommon trap: reason=unstable_if action=reinterpret pc=0x000000000304e814 method=java.util.ArrayList.<init>(I)V @ 5
Event: 19.631 Thread 0x000000000233f800 Uncommon trap: reason=unstable_if action=reinterpret pc=0x000000000310d08c method=com.android.dx.util.ByteArrayAnnotatedOutput.writeUleb128(I)I @ 4
Event: 19.631 Thread 0x000000000233f800 Uncommon trap: reason=unstable_if action=reinterpret pc=0x00000000030d30c8 method=com.android.dx.util.ByteArrayAnnotatedOutput.writeByte(I)V @ 13

Internal exceptions (6 events):
Event: 1.166 Thread 0x000000000233f800 Exception <a 'java/lang/NoSuchMethodError': Method sun.misc.Unsafe.defineClass(Ljava/lang/String;[BII)Ljava/lang/Class; name or signature does not match> (0x00000000eab12d60) thrown at [D:\re\workspace\8-2-build-windows-amd64-cygwin\jdk8u40\3098\hotspot\srq3Ëÿ–¦ò?
Event: 1.166 Thread 0x000000000233f800 Exception <a 'java/lang/NoSuchMethodError': Method sun.misc.Unsafe.prefetchRead(Ljava/lang/Object;J)V name or signature does not match> (0x00000000eab12ff0) thrown at [D:\re\workspace\8-2-build-windows-amd64-cygwin\jdk8u40\3098\hotspot\src\share\vm\prims\jÏÉLGd@
Event: 5.348 Thread 0x000000000233f800 Implicit null exception at 0x0000000002b00492 to 0x0000000002b00582
Event: 7.391 Thread 0x000000000233f800 Exception <a 'java/lang/ArrayIndexOutOfBoundsException': 18> (0x00000000eb2c91f8) thrown at [D:\re\workspace\8-2-build-windows-amd64-cygwin\jdk8u40\3098\hotspot\src\share\vm\interpreter\interpreterRuntime.cpp, line 366]
Event: 7.391 Thread 0x000000000233f800 Exception <a 'java/lang/ArrayIndexOutOfBoundsException'> (0x00000000eb2cacc8) thrown at [D:\re\workspace\8-2-build-windows-amd64-cygwin\jdk8u40\3098\hotspot\src\share\vm\runtime\sharedRuntime.cpp, line 605]
Event: 7.401 Thread 0x000000000233f800 Exception <a 'java/lang/ArrayIndexOutOfBoundsException'> (0x00000000eb2cbf00) thrown at [D:\re\workspace\8-2-build-windows-amd64-cygwin\jdk8u40\3098\hotspot\src\share\vm\runtime\sharedRuntime.cpp, line 605]

Events (10 events):
Event: 18.641 Executing VM operation: ParallelGCFailedAllocation
Event: 19.429 Executing VM operation: ParallelGCFailedAllocation done
Event: 19.456 loading class com/android/dex/DexFormat
Event: 19.456 loading class com/android/dex/DexFormat done
Event: 19.631 Thread 0x000000000233f800 Uncommon trap: trap_request=0xffffff65 fr.pc=0x000000000310d08c
Event: 19.631 Thread 0x000000000233f800 DEOPT PACKING pc=0x000000000310d08c sp=0x000000000268ec80
Event: 19.631 Thread 0x000000000233f800 DEOPT UNPACKING pc=0x00000000026d582a sp=0x000000000268ec50 mode 2
Event: 19.631 Thread 0x000000000233f800 Uncommon trap: trap_request=0xffffff65 fr.pc=0x00000000030d30c8
Event: 19.631 Thread 0x000000000233f800 DEOPT PACKING pc=0x00000000030d30c8 sp=0x000000000268ec20
Event: 19.631 Thread 0x000000000233f800 DEOPT UNPACKING pc=0x00000000026d582a sp=0x000000000268eb70 mode 2


Dynamic libraries:
0x000000013fb30000 - 0x000000013fb67000 	C:\Program Files (x86)\jdk1.8.0_40\bin\java.exe
0x00000000770d0000 - 0x0000000077279000 	C:\Windows\SYSTEM32\ntdll.dll
0x0000000076eb0000 - 0x0000000076fcf000 	C:\Windows\system32\kernel32.dll
0x000007fefd0d0000 - 0x000007fefd13c000 	C:\Windows\system32\KERNELBASE.dll
0x000007fefd510000 - 0x000007fefd5eb000 	C:\Windows\system32\ADVAPI32.dll
0x000007fefe5d0000 - 0x000007fefe66f000 	C:\Windows\system32\msvcrt.dll
0x000007fefeb50000 - 0x000007fefeb6f000 	C:\Windows\SYSTEM32\sechost.dll
0x000007fefd230000 - 0x000007fefd35d000 	C:\Windows\system32\RPCRT4.dll
0x0000000076fd0000 - 0x00000000770ca000 	C:\Windows\system32\USER32.dll
0x000007fefeb70000 - 0x000007fefebd7000 	C:\Windows\system32\GDI32.dll
0x000007fefd7d0000 - 0x000007fefd7de000 	C:\Windows\system32\LPK.dll
0x000007fefd440000 - 0x000007fefd50a000 	C:\Windows\system32\USP10.dll
0x000007fefb310000 - 0x000007fefb504000 	C:\Windows\WinSxS\amd64_microsoft.windows.common-controls_6595b64144ccf1df_6.0.7601.18837_none_fa3b1e3d17594757\COMCTL32.dll
0x000007feff140000 - 0x000007feff1b1000 	C:\Windows\system32\SHLWAPI.dll
0x000007fefeb20000 - 0x000007fefeb4e000 	C:\Windows\system32\IMM32.DLL
0x000007feff280000 - 0x000007feff389000 	C:\Windows\system32\MSCTF.dll
0x0000000069600000 - 0x00000000696d2000 	C:\Program Files (x86)\jdk1.8.0_40\jre\bin\msvcr100.dll
0x0000000068960000 - 0x00000000691e3000 	C:\Program Files (x86)\jdk1.8.0_40\jre\bin\server\jvm.dll
0x000007fef8a60000 - 0x000007fef8a69000 	C:\Windows\system32\WSOCK32.dll
0x000007feff390000 - 0x000007feff3dd000 	C:\Windows\system32\WS2_32.dll
0x000007fefe800000 - 0x000007fefe808000 	C:\Windows\system32\NSI.dll
0x000007fefada0000 - 0x000007fefaddb000 	C:\Windows\system32\WINMM.dll
0x000007fefbf60000 - 0x000007fefbf6c000 	C:\Windows\system32\VERSION.dll
0x0000000077290000 - 0x0000000077297000 	C:\Windows\system32\PSAPI.DLL
0x0000000070890000 - 0x000000007089f000 	C:\Program Files (x86)\jdk1.8.0_40\jre\bin\verify.dll
0x0000000070860000 - 0x0000000070889000 	C:\Program Files (x86)\jdk1.8.0_40\jre\bin\java.dll
0x0000000070840000 - 0x0000000070856000 	C:\Program Files (x86)\jdk1.8.0_40\jre\bin\zip.dll
0x000007fefd840000 - 0x000007fefe5c9000 	C:\Windows\system32\SHELL32.dll
0x000007fefebe0000 - 0x000007fefede3000 	C:\Windows\system32\ole32.dll
0x000007fefce70000 - 0x000007fefce7f000 	C:\Windows\system32\profapi.dll
0x000007fef8ab0000 - 0x000007fef8bd5000 	C:\Windows\system32\dbghelp.dll

VM Arguments:
jvm_args: -Xmx1024M -Dfile.encoding=x-windows-949 -Duser.country=KR -Duser.language=ko -Duser.variant 
java_command: com.android.dx.command.Main --dex --output C:\Users\Kwonwanbin\AndroidStudioProjects\Pro_bulb\app\build\intermediates\pre-dexed\debug\classes-8061352e62c23d84551e0801585167b3975fafaa.jar C:\Users\Kwonwanbin\AndroidStudioProjects\Pro_bulb\app\build\intermediates\exploded-aar\com.android.support\appcompat-v7\22.2.1\jars\classes.jar
java_class_path (initial): C:\Users\Kwonwanbin\AppData\Local\Android\sdk\build-tools\22.0.1\lib\dx.jar
Launcher Type: SUN_STANDARD

Environment Variables:
JAVA_HOME=C:\Program Files (x86)\jdk1.8.0_40
PATH=C:\ProgramData\Oracle\Java\javapath;C:\app\Kwonwanbin\product\11.2.0\dbhome_1\bin;C:\Program Files (x86)\Wizvera\Delfino;C:\Program Files (x86)\AMD APP\bin\x86_64;C:\Program Files (x86)\AMD APP\bin\x86;C:\Program Files (x86)\Intel\iCLS Client\;C:\Program Files\Intel\iCLS Client\;C:\Windows\system32;C:\Windows;C:\Windows\System32\Wbem;C:\Windows\System32\WindowsPowerShell\v1.0\;C:\Program Files\Intel\WiFi\bin\;C:\Program Files\Common Files\Intel\WirelessCommon\;C:\Program Files (x86)\ATI Technologies\ATI.ACE\Core-Static;C:\Program Files\Intel\Intel(R) Management Engine Components\DAL;C:\Program Files\Intel\Intel(R) Management Engine Components\IPT;C:\Program Files (x86)\Intel\Intel(R) Management Engine Components\DAL;C:\Program Files (x86)\Intel\Intel(R) Management Engine Components\IPT;C:\Program Files\Java\jdk1.7.0_17\bin;C:\Program Files\Microsoft\Web Platform Installer\;C:\Program Files (x86)\Microsoft ASP.NET\ASP.NET Web Pages\v1.0\;C:\Program Files (x86)\Windows Kits\8.0\Windows Performance Toolkit\;C:\Program Files\Microsoft SQL Server\110\Tools\Binn\;C:\Strawberry\c\bin;C:\Strawberry\perl\site\bin;C:\Strawberry\perl\bin
USERNAME=Kwonwanbin
OS=Windows_NT
PROCESSOR_IDENTIFIER=Intel64 Family 6 Model 58 Stepping 9, GenuineIntel



---------------  S Y S T E M  ---------------

OS: Windows 7 , 64 bit Build 7601 (6.1.7601.19110)

CPU:total 4 (2 cores per cpu, 2 threads per core) family 6 model 58 stepping 9, cmov, cx8, fxsr, mmx, sse, sse2, sse3, ssse3, sse4.1, sse4.2, popcnt, avx, aes, clmul, erms, ht, tsc, tscinvbit, tscinv

Memory: 4k page, physical 4143472k(252276k free), swap 6238788k(200040k free)

vm_info: Java HotSpot(TM) 64-Bit Server VM (25.40-b25) for windows-amd64 JRE (1.8.0_40-b26), built on Mar  7 2015 13:51:59 by "java_re" with MS VC++ 10.0 (VS2010)

time: Mon Feb 01 18:04:47 2016
elapsed time: 20 seconds (0d 0h 0m 20s)

